Flow report for DiplomskiRad
Wed May 24 16:04:32 2023
Quartus II Version 9.0 Build 235 06/17/2009 Service Pack 2 SJ Web Edition


---------------------
; Table of Contents ;
---------------------
  1. Legal Notice
  2. Flow Summary
  3. Flow Settings
  4. Flow Non-Default Global Settings
  5. Flow Elapsed Time
  6. Flow OS Summary
  7. Flow Log



----------------
; Legal Notice ;
----------------
Copyright (C) 1991-2009 Altera Corporation
Your use of Altera Corporation's design tools, logic functions 
and other software and tools, and its AMPP partner logic 
functions, and any output files from any of the foregoing 
(including device programming or simulation files), and any 
associated documentation or information are expressly subject 
to the terms and conditions of the Altera Program License 
Subscription Agreement, Altera MegaCore Function License 
Agreement, or other applicable license agreement, including, 
without limitation, that your use is for the sole purpose of 
programming logic devices manufactured by Altera and sold by 
Altera or its authorized distributors.  Please refer to the 
applicable agreement for further details.



+------------------------------------------------------------------------+
; Flow Summary                                                           ;
+-------------------------+----------------------------------------------+
; Flow Status             ; Successful - Wed May 24 16:04:32 2023        ;
; Quartus II Version      ; 9.0 Build 235 06/17/2009 SP 2 SJ Web Edition ;
; Revision Name           ; DiplomskiRad                                 ;
; Top-level Entity Name   ; test_sema                                    ;
; Family                  ; MAX7000S                                     ;
; Device                  ; EPM7128SLC84-6                               ;
; Timing Models           ; Final                                        ;
; Met timing requirements ; Yes                                          ;
; Total macrocells        ; 106 / 128 ( 83 % )                           ;
; Total pins              ; 37 / 68 ( 54 % )                             ;
+-------------------------+----------------------------------------------+


+-----------------------------------------+
; Flow Settings                           ;
+-------------------+---------------------+
; Option            ; Setting             ;
+-------------------+---------------------+
; Start date & time ; 05/24/2023 16:04:27 ;
; Main task         ; Compilation         ;
; Revision Name     ; DiplomskiRad        ;
+-------------------+---------------------+


+--------------------------------------------------------------------------------------------------------------------------------------------------------------------+
; Flow Non-Default Global Settings                                                                                                                                   ;
+------------------------------------+--------------------------------------------------------------------------------+---------------+-------------+----------------+
; Assignment Name                    ; Value                                                                          ; Default Value ; Entity Name ; Section Id     ;
+------------------------------------+--------------------------------------------------------------------------------+---------------+-------------+----------------+
; COMPILER_SIGNATURE_ID              ; 39908810747421.168493706707064                                                 ; --            ; --          ; --             ;
; MAX_CORE_JUNCTION_TEMP             ; 85                                                                             ; --            ; --          ; --             ;
; MIN_CORE_JUNCTION_TEMP             ; 0                                                                              ; --            ; --          ; --             ;
; MISC_FILE                          ; C:/Users/masam/Desktop/Moj diplomski novija verzija/Diplomski/DiplomskiRad.dpf ; --            ; --          ; --             ;
; TOP_LEVEL_ENTITY                   ; test_sema                                                                      ; DiplomskiRad  ; --          ; --             ;
; USE_GENERATED_PHYSICAL_CONSTRAINTS ; Off                                                                            ; --            ; --          ; eda_blast_fpga ;
+------------------------------------+--------------------------------------------------------------------------------+---------------+-------------+----------------+


+-----------------------------------------------------------------------------------------------------------------------------+
; Flow Elapsed Time                                                                                                           ;
+-------------------------+--------------+-------------------------+---------------------+------------------------------------+
; Module Name             ; Elapsed Time ; Average Processors Used ; Peak Virtual Memory ; Total CPU Time (on all processors) ;
+-------------------------+--------------+-------------------------+---------------------+------------------------------------+
; Analysis & Synthesis    ; 00:00:03     ; 1.0                     ; 248 MB              ; 00:00:03                           ;
; Fitter                  ; 00:00:01     ; 1.0                     ; 208 MB              ; 00:00:00                           ;
; Assembler               ; 00:00:01     ; 1.0                     ; 201 MB              ; 00:00:00                           ;
; Classic Timing Analyzer ; 00:00:00     ; 1.0                     ; 174 MB              ; 00:00:00                           ;
; Total                   ; 00:00:05     ; --                      ; --                  ; 00:00:03                           ;
+-------------------------+--------------+-------------------------+---------------------+------------------------------------+


+------------------------------------------------------------------------------------------+
; Flow OS Summary                                                                          ;
+-------------------------+------------------+---------------+------------+----------------+
; Module Name             ; Machine Hostname ; OS Name       ; OS Version ; Processor type ;
+-------------------------+------------------+---------------+------------+----------------+
; Analysis & Synthesis    ; DESKTOP-C1I0ST2  ; Windows Vista ; 6.2        ; x86_64         ;
; Fitter                  ; DESKTOP-C1I0ST2  ; Windows Vista ; 6.2        ; x86_64         ;
; Assembler               ; DESKTOP-C1I0ST2  ; Windows Vista ; 6.2        ; x86_64         ;
; Classic Timing Analyzer ; DESKTOP-C1I0ST2  ; Windows Vista ; 6.2        ; x86_64         ;
+-------------------------+------------------+---------------+------------+----------------+


------------
; Flow Log ;
------------
quartus_map --read_settings_files=on --write_settings_files=off DiplomskiRad -c DiplomskiRad
quartus_fit --read_settings_files=off --write_settings_files=off DiplomskiRad -c DiplomskiRad
quartus_asm --read_settings_files=off --write_settings_files=off DiplomskiRad -c DiplomskiRad
quartus_tan --read_settings_files=off --write_settings_files=off DiplomskiRad -c DiplomskiRad



