Analysis & Synthesis report for DiplomskiRad
Wed May 24 16:04:29 2023
Quartus II Version 9.0 Build 235 06/17/2009 Service Pack 2 SJ Web Edition


---------------------
; Table of Contents ;
---------------------
  1. Legal Notice
  2. Analysis & Synthesis Summary
  3. Analysis & Synthesis Settings
  4. Analysis & Synthesis Source Files Read
  5. Analysis & Synthesis Resource Usage Summary
  6. Analysis & Synthesis Resource Utilization by Entity
  7. State Machine - |test_sema|Aparat_za_kafu:inst|r_st_present
  8. Source assignments for Aparat_za_kafu:inst|lpm_add_sub:Add1|addcore:adder[1]
  9. Source assignments for Aparat_za_kafu:inst|lpm_add_sub:Add1|addcore:adder[0]
 10. Source assignments for Aparat_za_kafu:inst|lpm_add_sub:Add0|addcore:adder[0]
 11. Parameter Settings for Inferred Entity Instance: Aparat_za_kafu:inst|lpm_add_sub:Add1
 12. Parameter Settings for Inferred Entity Instance: Aparat_za_kafu:inst|lpm_add_sub:Add0
 13. Analysis & Synthesis Messages



----------------
; Legal Notice ;
----------------
Copyright (C) 1991-2009 Altera Corporation
Your use of Altera Corporation's design tools, logic functions 
and other software and tools, and its AMPP partner logic 
functions, and any output files from any of the foregoing 
(including device programming or simulation files), and any 
associated documentation or information are expressly subject 
to the terms and conditions of the Altera Program License 
Subscription Agreement, Altera MegaCore Function License 
Agreement, or other applicable license agreement, including, 
without limitation, that your use is for the sole purpose of 
programming logic devices manufactured by Altera and sold by 
Altera or its authorized distributors.  Please refer to the 
applicable agreement for further details.



+----------------------------------------------------------------------------+
; Analysis & Synthesis Summary                                               ;
+-----------------------------+----------------------------------------------+
; Analysis & Synthesis Status ; Successful - Wed May 24 16:04:29 2023        ;
; Quartus II Version          ; 9.0 Build 235 06/17/2009 SP 2 SJ Web Edition ;
; Revision Name               ; DiplomskiRad                                 ;
; Top-level Entity Name       ; test_sema                                    ;
; Family                      ; MAX7000S                                     ;
; Total macrocells            ; 106                                          ;
; Total pins                  ; 33                                           ;
+-----------------------------+----------------------------------------------+


+-----------------------------------------------------------------------------------------------+
; Analysis & Synthesis Settings                                                                 ;
+--------------------------------------------------------------+----------------+---------------+
; Option                                                       ; Setting        ; Default Value ;
+--------------------------------------------------------------+----------------+---------------+
; Device                                                       ; EPM7128SLC84-6 ;               ;
; Top-level entity name                                        ; test_sema      ; DiplomskiRad  ;
; Family name                                                  ; MAX7000S       ; Stratix II    ;
; Use Generated Physical Constraints File                      ; Off            ;               ;
; Use smart compilation                                        ; Off            ; Off           ;
; Create Debugging Nodes for IP Cores                          ; Off            ; Off           ;
; Preserve fewer node names                                    ; On             ; On            ;
; Disable OpenCore Plus hardware evaluation                    ; Off            ; Off           ;
; Verilog Version                                              ; Verilog_2001   ; Verilog_2001  ;
; VHDL Version                                                 ; VHDL93         ; VHDL93        ;
; State Machine Processing                                     ; Auto           ; Auto          ;
; Safe State Machine                                           ; Off            ; Off           ;
; Extract Verilog State Machines                               ; On             ; On            ;
; Extract VHDL State Machines                                  ; On             ; On            ;
; Ignore Verilog initial constructs                            ; Off            ; Off           ;
; Iteration limit for constant Verilog loops                   ; 5000           ; 5000          ;
; Iteration limit for non-constant Verilog loops               ; 250            ; 250           ;
; Add Pass-Through Logic to Inferred RAMs                      ; On             ; On            ;
; Parallel Synthesis                                           ; Off            ; Off           ;
; NOT Gate Push-Back                                           ; On             ; On            ;
; Power-Up Don't Care                                          ; On             ; On            ;
; Remove Duplicate Registers                                   ; On             ; On            ;
; Ignore CARRY Buffers                                         ; Off            ; Off           ;
; Ignore CASCADE Buffers                                       ; Off            ; Off           ;
; Ignore GLOBAL Buffers                                        ; Off            ; Off           ;
; Ignore ROW GLOBAL Buffers                                    ; Off            ; Off           ;
; Ignore LCELL Buffers                                         ; Auto           ; Auto          ;
; Ignore SOFT Buffers                                          ; Off            ; Off           ;
; Limit AHDL Integers to 32 Bits                               ; Off            ; Off           ;
; Optimization Technique                                       ; Speed          ; Speed         ;
; Allow XOR Gate Usage                                         ; On             ; On            ;
; Auto Logic Cell Insertion                                    ; On             ; On            ;
; Parallel Expander Chain Length                               ; 4              ; 4             ;
; Auto Parallel Expanders                                      ; On             ; On            ;
; Auto Open-Drain Pins                                         ; On             ; On            ;
; Auto Resource Sharing                                        ; Off            ; Off           ;
; Maximum Fan-in Per Macrocell                                 ; 100            ; 100           ;
; Use LogicLock Constraints during Resource Balancing          ; On             ; On            ;
; Ignore translate_off and synthesis_off directives            ; Off            ; Off           ;
; Show Parameter Settings Tables in Synthesis Report           ; On             ; On            ;
; HDL message level                                            ; Level2         ; Level2        ;
; Suppress Register Optimization Related Messages              ; Off            ; Off           ;
; Number of Removed Registers Reported in Synthesis Report     ; 100            ; 100           ;
; Number of Inverted Registers Reported in Synthesis Report    ; 100            ; 100           ;
; Block Design Naming                                          ; Auto           ; Auto          ;
; Synthesis Effort                                             ; Auto           ; Auto          ;
; Shift Register Replacement - Allow Asynchronous Clear Signal ; On             ; On            ;
; Analysis & Synthesis Message Level                           ; Medium         ; Medium        ;
+--------------------------------------------------------------+----------------+---------------+


+-------------------------------------------------------------------------------------------------------------------------------------------------------------------------------------------+
; Analysis & Synthesis Source Files Read                                                                                                                                                    ;
+----------------------------------+-----------------+------------------------------------+-------------------------------------------------------------------------------------------------+
; File Name with User-Entered Path ; Used in Netlist ; File Type                          ; File Name with Absolute Path                                                                    ;
+----------------------------------+-----------------+------------------------------------+-------------------------------------------------------------------------------------------------+
; Aparat_za_kafu.vhd               ; yes             ; User VHDL File                     ; C:/Users/Lazar/OneDrive/Desktop/Moj diplomski novija verzija/Diplomski/Aparat_za_kafu.vhd       ;
; test_sema.bdf                    ; yes             ; User Block Diagram/Schematic File  ; C:/Users/Lazar/OneDrive/Desktop/Moj diplomski novija verzija/Diplomski/test_sema.bdf            ;
; rising_edge_detector.bdf         ; yes             ; User Block Diagram/Schematic File  ; C:/Users/Lazar/OneDrive/Desktop/Moj diplomski novija verzija/Diplomski/rising_edge_detector.bdf ;
; lpm_add_sub.tdf                  ; yes             ; Megafunction                       ; c:/altera/90sp2/quartus/libraries/megafunctions/lpm_add_sub.tdf                                 ;
; addcore.inc                      ; yes             ; Megafunction                       ; c:/altera/90sp2/quartus/libraries/megafunctions/addcore.inc                                     ;
; look_add.inc                     ; yes             ; Megafunction                       ; c:/altera/90sp2/quartus/libraries/megafunctions/look_add.inc                                    ;
; bypassff.inc                     ; yes             ; Megafunction                       ; c:/altera/90sp2/quartus/libraries/megafunctions/bypassff.inc                                    ;
; altshift.inc                     ; yes             ; Megafunction                       ; c:/altera/90sp2/quartus/libraries/megafunctions/altshift.inc                                    ;
; alt_stratix_add_sub.inc          ; yes             ; Megafunction                       ; c:/altera/90sp2/quartus/libraries/megafunctions/alt_stratix_add_sub.inc                         ;
; alt_mercury_add_sub.inc          ; yes             ; Megafunction                       ; c:/altera/90sp2/quartus/libraries/megafunctions/alt_mercury_add_sub.inc                         ;
; aglobal90.inc                    ; yes             ; Megafunction                       ; c:/altera/90sp2/quartus/libraries/megafunctions/aglobal90.inc                                   ;
; addcore.tdf                      ; yes             ; Megafunction                       ; c:/altera/90sp2/quartus/libraries/megafunctions/addcore.tdf                                     ;
; a_csnbuffer.inc                  ; yes             ; Megafunction                       ; c:/altera/90sp2/quartus/libraries/megafunctions/a_csnbuffer.inc                                 ;
; a_csnbuffer.tdf                  ; yes             ; Megafunction                       ; c:/altera/90sp2/quartus/libraries/megafunctions/a_csnbuffer.tdf                                 ;
; look_add.tdf                     ; yes             ; Megafunction                       ; c:/altera/90sp2/quartus/libraries/megafunctions/look_add.tdf                                    ;
; altshift.tdf                     ; yes             ; Megafunction                       ; c:/altera/90sp2/quartus/libraries/megafunctions/altshift.tdf                                    ;
+----------------------------------+-----------------+------------------------------------+-------------------------------------------------------------------------------------------------+


+---------------------------------------------------------------------+
; Analysis & Synthesis Resource Usage Summary                         ;
+----------------------+----------------------------------------------+
; Resource             ; Usage                                        ;
+----------------------+----------------------------------------------+
; Logic cells          ; 106                                          ;
; Total registers      ; 38                                           ;
; I/O pins             ; 33                                           ;
; Shareable expanders  ; 50                                           ;
; Parallel expanders   ; 46                                           ;
; Maximum fan-out node ; Aparat_za_kafu:inst|r_st_present.state_bit_0 ;
; Maximum fan-out      ; 64                                           ;
; Total fan-out        ; 1056                                         ;
; Average fan-out      ; 5.59                                         ;
+----------------------+----------------------------------------------+


+---------------------------------------------------------------------------------------------------------------------------------------------------------------------+
; Analysis & Synthesis Resource Utilization by Entity                                                                                                                 ;
+---------------------------------------+------------+------+------------------------------------------------------------------------------------------+--------------+
; Compilation Hierarchy Node            ; Macrocells ; Pins ; Full Hierarchy Name                                                                      ; Library Name ;
+---------------------------------------+------------+------+------------------------------------------------------------------------------------------+--------------+
; |test_sema                            ; 106        ; 33   ; |test_sema                                                                               ; work         ;
;    |Aparat_za_kafu:inst|              ; 100        ; 0    ; |test_sema|Aparat_za_kafu:inst                                                           ; work         ;
;       |lpm_add_sub:Add0|              ; 14         ; 0    ; |test_sema|Aparat_za_kafu:inst|lpm_add_sub:Add0                                          ; work         ;
;          |addcore:adder[0]|           ; 14         ; 0    ; |test_sema|Aparat_za_kafu:inst|lpm_add_sub:Add0|addcore:adder[0]                         ; work         ;
;             |a_csnbuffer:result_node| ; 14         ; 0    ; |test_sema|Aparat_za_kafu:inst|lpm_add_sub:Add0|addcore:adder[0]|a_csnbuffer:result_node ; work         ;
;       |lpm_add_sub:Add1|              ; 13         ; 0    ; |test_sema|Aparat_za_kafu:inst|lpm_add_sub:Add1                                          ; work         ;
;          |addcore:adder[0]|           ; 13         ; 0    ; |test_sema|Aparat_za_kafu:inst|lpm_add_sub:Add1|addcore:adder[0]                         ; work         ;
;             |a_csnbuffer:result_node| ; 10         ; 0    ; |test_sema|Aparat_za_kafu:inst|lpm_add_sub:Add1|addcore:adder[0]|a_csnbuffer:result_node ; work         ;
;    |rising_edge_detector:inst1|       ; 6          ; 0    ; |test_sema|rising_edge_detector:inst1                                                    ; work         ;
+---------------------------------------+------------+------+------------------------------------------------------------------------------------------+--------------+


Encoding Type:  Minimal Bits
+-----------------------------------------------------------------------------------------------------------------------+
; State Machine - |test_sema|Aparat_za_kafu:inst|r_st_present                                                           ;
+--------------------------------------+--------------------------+--------------------------+--------------------------+
; Name                                 ; r_st_present.state_bit_2 ; r_st_present.state_bit_1 ; r_st_present.state_bit_0 ;
+--------------------------------------+--------------------------+--------------------------+--------------------------+
; r_st_present.ST_RESET                ; 0                        ; 0                        ; 0                        ;
; r_st_present.ST_CHECK_CREDIT         ; 0                        ; 0                        ; 1                        ;
; r_st_present.ST_PROVIDE_PRODUCT      ; 0                        ; 1                        ; 0                        ;
; r_st_present.ST_PROVIDE_TOTAL_REFUND ; 0                        ; 1                        ; 1                        ;
; r_st_present.ST_ERROR                ; 1                        ; 0                        ; 1                        ;
+--------------------------------------+--------------------------+--------------------------+--------------------------+


+------------------------------------------------------------------------------+
; Source assignments for Aparat_za_kafu:inst|lpm_add_sub:Add1|addcore:adder[1] ;
+---------------------------+-------+------+-----------------------------------+
; Assignment                ; Value ; From ; To                                ;
+---------------------------+-------+------+-----------------------------------+
; SUPPRESS_DA_RULE_INTERNAL ; A103  ; -    ; -                                 ;
+---------------------------+-------+------+-----------------------------------+


+------------------------------------------------------------------------------+
; Source assignments for Aparat_za_kafu:inst|lpm_add_sub:Add1|addcore:adder[0] ;
+---------------------------+-------+------+-----------------------------------+
; Assignment                ; Value ; From ; To                                ;
+---------------------------+-------+------+-----------------------------------+
; SUPPRESS_DA_RULE_INTERNAL ; A103  ; -    ; -                                 ;
+---------------------------+-------+------+-----------------------------------+


+------------------------------------------------------------------------------+
; Source assignments for Aparat_za_kafu:inst|lpm_add_sub:Add0|addcore:adder[0] ;
+---------------------------+-------+------+-----------------------------------+
; Assignment                ; Value ; From ; To                                ;
+---------------------------+-------+------+-----------------------------------+
; SUPPRESS_DA_RULE_INTERNAL ; A103  ; -    ; -                                 ;
+---------------------------+-------+------+-----------------------------------+


+---------------------------------------------------------------------------------------+
; Parameter Settings for Inferred Entity Instance: Aparat_za_kafu:inst|lpm_add_sub:Add1 ;
+------------------------+-------------+------------------------------------------------+
; Parameter Name         ; Value       ; Type                                           ;
+------------------------+-------------+------------------------------------------------+
; LPM_WIDTH              ; 9           ; Untyped                                        ;
; LPM_REPRESENTATION     ; UNSIGNED    ; Untyped                                        ;
; LPM_DIRECTION          ; ADD         ; Untyped                                        ;
; ONE_INPUT_IS_CONSTANT  ; NO          ; Untyped                                        ;
; LPM_PIPELINE           ; 0           ; Untyped                                        ;
; MAXIMIZE_SPEED         ; 5           ; Untyped                                        ;
; REGISTERED_AT_END      ; 0           ; Untyped                                        ;
; OPTIMIZE_FOR_SPEED     ; 9           ; Untyped                                        ;
; USE_CS_BUFFERS         ; 1           ; Untyped                                        ;
; CARRY_CHAIN            ; MANUAL      ; Untyped                                        ;
; CARRY_CHAIN_LENGTH     ; 48          ; CARRY_CHAIN_LENGTH                             ;
; DEVICE_FAMILY          ; MAX7000S    ; Untyped                                        ;
; USE_WYS                ; OFF         ; Untyped                                        ;
; STYLE                  ; FAST        ; Untyped                                        ;
; CBXI_PARAMETER         ; add_sub_e9h ; Untyped                                        ;
; AUTO_CARRY_CHAINS      ; ON          ; AUTO_CARRY                                     ;
; IGNORE_CARRY_BUFFERS   ; OFF         ; IGNORE_CARRY                                   ;
; AUTO_CASCADE_CHAINS    ; ON          ; AUTO_CASCADE                                   ;
; IGNORE_CASCADE_BUFFERS ; OFF         ; IGNORE_CASCADE                                 ;
+------------------------+-------------+------------------------------------------------+
Note: In order to hide this table in the UI and the text report file, please set the "Show Parameter Settings Tables in Synthesis Report" option in "Analysis and Synthesis Settings -> More Settings" to "Off".


+---------------------------------------------------------------------------------------+
; Parameter Settings for Inferred Entity Instance: Aparat_za_kafu:inst|lpm_add_sub:Add0 ;
+------------------------+-------------+------------------------------------------------+
; Parameter Name         ; Value       ; Type                                           ;
+------------------------+-------------+------------------------------------------------+
; LPM_WIDTH              ; 8           ; Untyped                                        ;
; LPM_REPRESENTATION     ; UNSIGNED    ; Untyped                                        ;
; LPM_DIRECTION          ; ADD         ; Untyped                                        ;
; ONE_INPUT_IS_CONSTANT  ; NO          ; Untyped                                        ;
; LPM_PIPELINE           ; 0           ; Untyped                                        ;
; MAXIMIZE_SPEED         ; 5           ; Untyped                                        ;
; REGISTERED_AT_END      ; 0           ; Untyped                                        ;
; OPTIMIZE_FOR_SPEED     ; 9           ; Untyped                                        ;
; USE_CS_BUFFERS         ; 1           ; Untyped                                        ;
; CARRY_CHAIN            ; MANUAL      ; Untyped                                        ;
; CARRY_CHAIN_LENGTH     ; 48          ; CARRY_CHAIN_LENGTH                             ;
; DEVICE_FAMILY          ; MAX7000S    ; Untyped                                        ;
; USE_WYS                ; OFF         ; Untyped                                        ;
; STYLE                  ; FAST        ; Untyped                                        ;
; CBXI_PARAMETER         ; add_sub_7kh ; Untyped                                        ;
; AUTO_CARRY_CHAINS      ; ON          ; AUTO_CARRY                                     ;
; IGNORE_CARRY_BUFFERS   ; OFF         ; IGNORE_CARRY                                   ;
; AUTO_CASCADE_CHAINS    ; ON          ; AUTO_CASCADE                                   ;
; IGNORE_CASCADE_BUFFERS ; OFF         ; IGNORE_CASCADE                                 ;
+------------------------+-------------+------------------------------------------------+
Note: In order to hide this table in the UI and the text report file, please set the "Show Parameter Settings Tables in Synthesis Report" option in "Analysis and Synthesis Settings -> More Settings" to "Off".


+-------------------------------+
; Analysis & Synthesis Messages ;
+-------------------------------+
Info: *******************************************************************
Info: Running Quartus II Analysis & Synthesis
    Info: Version 9.0 Build 235 06/17/2009 Service Pack 2 SJ Web Edition
    Info: Processing started: Wed May 24 16:04:26 2023
Info: Command: quartus_map --read_settings_files=on --write_settings_files=off DiplomskiRad -c DiplomskiRad
Info: Found 2 design units, including 1 entities, in source file Aparat_za_kafu.vhd
    Info: Found design unit 1: Aparat_za_kafu-rtl
    Info: Found entity 1: Aparat_za_kafu
Info: Found 2 design units, including 1 entities, in source file proba.vhd
    Info: Found design unit 1: proba-rtl
    Info: Found entity 1: proba
Info: Found 1 design units, including 1 entities, in source file test_sema.bdf
    Info: Found entity 1: test_sema
Info: Found 1 design units, including 1 entities, in source file rising_edge_detector.bdf
    Info: Found entity 1: rising_edge_detector
Info: Elaborating entity "test_sema" for the top level hierarchy
Info: Elaborating entity "Aparat_za_kafu" for hierarchy "Aparat_za_kafu:inst"
Info: Elaborating entity "rising_edge_detector" for hierarchy "rising_edge_detector:inst1"
Info: Inferred 2 megafunctions from design logic
    Info: Inferred adder/subtractor megafunction ("lpm_add_sub") from the following logic: "Aparat_za_kafu:inst|Add1"
    Info: Inferred adder/subtractor megafunction ("lpm_add_sub") from the following logic: "Aparat_za_kafu:inst|Add0"
Info: Elaborated megafunction instantiation "Aparat_za_kafu:inst|lpm_add_sub:Add1"
Info: Instantiated megafunction "Aparat_za_kafu:inst|lpm_add_sub:Add1" with the following parameter:
    Info: Parameter "LPM_WIDTH" = "9"
    Info: Parameter "LPM_DIRECTION" = "ADD"
    Info: Parameter "LPM_REPRESENTATION" = "UNSIGNED"
    Info: Parameter "ONE_INPUT_IS_CONSTANT" = "NO"
Info: Elaborated megafunction instantiation "Aparat_za_kafu:inst|lpm_add_sub:Add1|addcore:adder[1]", which is child of megafunction instantiation "Aparat_za_kafu:inst|lpm_add_sub:Add1"
Info: Elaborated megafunction instantiation "Aparat_za_kafu:inst|lpm_add_sub:Add1|addcore:adder[1]|a_csnbuffer:oflow_node", which is child of megafunction instantiation "Aparat_za_kafu:inst|lpm_add_sub:Add1"
Info: Elaborated megafunction instantiation "Aparat_za_kafu:inst|lpm_add_sub:Add1|addcore:adder[1]|a_csnbuffer:result_node", which is child of megafunction instantiation "Aparat_za_kafu:inst|lpm_add_sub:Add1"
Info: Elaborated megafunction instantiation "Aparat_za_kafu:inst|lpm_add_sub:Add1|addcore:adder[0]", which is child of megafunction instantiation "Aparat_za_kafu:inst|lpm_add_sub:Add1"
Info: Elaborated megafunction instantiation "Aparat_za_kafu:inst|lpm_add_sub:Add1|look_add:look_ahead_unit", which is child of megafunction instantiation "Aparat_za_kafu:inst|lpm_add_sub:Add1"
Info: Elaborated megafunction instantiation "Aparat_za_kafu:inst|lpm_add_sub:Add1|altshift:result_ext_latency_ffs", which is child of megafunction instantiation "Aparat_za_kafu:inst|lpm_add_sub:Add1"
Info: Elaborated megafunction instantiation "Aparat_za_kafu:inst|lpm_add_sub:Add1|altshift:carry_ext_latency_ffs", which is child of megafunction instantiation "Aparat_za_kafu:inst|lpm_add_sub:Add1"
Info: Elaborated megafunction instantiation "Aparat_za_kafu:inst|lpm_add_sub:Add0"
Info: Instantiated megafunction "Aparat_za_kafu:inst|lpm_add_sub:Add0" with the following parameter:
    Info: Parameter "LPM_WIDTH" = "8"
    Info: Parameter "LPM_DIRECTION" = "ADD"
    Info: Parameter "LPM_REPRESENTATION" = "UNSIGNED"
    Info: Parameter "ONE_INPUT_IS_CONSTANT" = "NO"
Info: Elaborated megafunction instantiation "Aparat_za_kafu:inst|lpm_add_sub:Add0|look_add:look_ahead_unit", which is child of megafunction instantiation "Aparat_za_kafu:inst|lpm_add_sub:Add0"
Info: Elaborated megafunction instantiation "Aparat_za_kafu:inst|lpm_add_sub:Add0|altshift:result_ext_latency_ffs", which is child of megafunction instantiation "Aparat_za_kafu:inst|lpm_add_sub:Add0"
Info: Ignored 16 buffer(s)
    Info: Ignored 16 SOFT buffer(s)
Info: Implemented 189 device resources after synthesis - the final resource count might be different
    Info: Implemented 19 input pins
    Info: Implemented 14 output pins
    Info: Implemented 106 macrocells
    Info: Implemented 50 shareable expanders
Info: Quartus II Analysis & Synthesis was successful. 0 errors, 0 warnings
    Info: Peak virtual memory: 248 megabytes
    Info: Processing ended: Wed May 24 16:04:29 2023
    Info: Elapsed time: 00:00:03
    Info: Total CPU time (on all processors): 00:00:03


